  [1m[36m (1.3ms)[0m  [1mCREATE TABLE "schema_migrations" ("version" varchar(255) NOT NULL) [0m
  [1m[35m (0.1ms)[0m  select sqlite_version(*)
  [1m[36m (1.5ms)[0m  [1mCREATE UNIQUE INDEX "unique_schema_migrations" ON "schema_migrations" ("version")[0m
  [1m[35mActiveRecord::SchemaMigration Load (0.1ms)[0m  SELECT "schema_migrations".* FROM "schema_migrations"
Migrating to CreatePosts (20141216173906)
  [1m[36m (0.1ms)[0m  [1mbegin transaction[0m
  [1m[35m (0.5ms)[0m  CREATE TABLE "posts" ("id" INTEGER PRIMARY KEY AUTOINCREMENT NOT NULL, "name" varchar(255), "title" varchar(255), "content" text, "created_at" datetime, "updated_at" datetime) 
  [1m[36mSQL (0.2ms)[0m  [1mINSERT INTO "schema_migrations" ("version") VALUES (?)[0m  [["version", "20141216173906"]]
  [1m[35m (1.1ms)[0m  commit transaction
Migrating to CreateComments (20141216174145)
  [1m[36m (0.1ms)[0m  [1mbegin transaction[0m
  [1m[35m (0.5ms)[0m  CREATE TABLE "comments" ("id" INTEGER PRIMARY KEY AUTOINCREMENT NOT NULL, "commenter" varchar(255), "body" text, "post_id" integer, "created_at" datetime, "updated_at" datetime) 
  [1m[36m (0.1ms)[0m  [1mCREATE  INDEX "index_comments_on_post_id" ON "comments" ("post_id")[0m
  [1m[35mSQL (0.1ms)[0m  INSERT INTO "schema_migrations" ("version") VALUES (?)  [["version", "20141216174145"]]
  [1m[36m (1.1ms)[0m  [1mcommit transaction[0m
  [1m[35mActiveRecord::SchemaMigration Load (0.1ms)[0m  SELECT "schema_migrations".* FROM "schema_migrations"
  [1m[36m (0.4ms)[0m  [1m            SELECT sql
            FROM sqlite_master
            WHERE name='index_comments_on_post_id' AND type='index'
            UNION ALL
            SELECT sql
            FROM sqlite_temp_master
            WHERE name='index_comments_on_post_id' AND type='index'
[0m


Started GET "/" for 127.0.0.1 at 2014-12-16 13:13:18 -0500
  [1m[36mActiveRecord::SchemaMigration Load (0.3ms)[0m  [1mSELECT "schema_migrations".* FROM "schema_migrations"[0m
Processing by PostsController#index as HTML
  [1m[35mPost Load (15.9ms)[0m  SELECT "posts".* FROM "posts"
  Rendered posts/index.html.erb within layouts/application (18.4ms)
Completed 200 OK in 2068ms (Views: 1976.8ms | ActiveRecord: 15.9ms)


Started GET "/assets/comments.css?body=1" for 127.0.0.1 at 2014-12-16 13:13:20 -0500


Started GET "/assets/posts.css?body=1" for 127.0.0.1 at 2014-12-16 13:13:20 -0500


Started GET "/assets/scaffolds.css?body=1" for 127.0.0.1 at 2014-12-16 13:13:20 -0500


Started GET "/assets/jquery.js?body=1" for 127.0.0.1 at 2014-12-16 13:13:20 -0500


Started GET "/assets/posts.js?body=1" for 127.0.0.1 at 2014-12-16 13:13:20 -0500


Started GET "/assets/jquery_ujs.js?body=1" for 127.0.0.1 at 2014-12-16 13:13:20 -0500


Started GET "/assets/turbolinks.js?body=1" for 127.0.0.1 at 2014-12-16 13:13:20 -0500


Started GET "/assets/application.css?body=1" for 127.0.0.1 at 2014-12-16 13:13:20 -0500


Started GET "/assets/application.js?body=1" for 127.0.0.1 at 2014-12-16 13:13:20 -0500


Started GET "/assets/comments.js?body=1" for 127.0.0.1 at 2014-12-16 13:13:20 -0500


Started GET "/posts/new" for 127.0.0.1 at 2014-12-16 13:13:23 -0500
Processing by PostsController#new as HTML
  Rendered posts/_form.html.erb (296.5ms)
  Rendered posts/new.html.erb within layouts/application (416.9ms)
Completed 200 OK in 514ms (Views: 512.5ms | ActiveRecord: 0.4ms)


Started POST "/posts" for 127.0.0.1 at 2014-12-16 13:13:28 -0500
Processing by PostsController#create as HTML
  Parameters: {"utf8"=>"✓", "authenticity_token"=>"J7W92h9jYeNIvi7wDAXlXTkTyOCWO6xcCOin2egxGj4=", "post"=>{"name"=>"iojfsoij", "title"=>"pawsfdjapw", "content"=>";z'dfgjsd"}, "commit"=>"Create Post"}
  [1m[36m (0.1ms)[0m  [1mbegin transaction[0m
  [1m[35mSQL (26.7ms)[0m  INSERT INTO "posts" ("content", "created_at", "name", "title", "updated_at") VALUES (?, ?, ?, ?, ?)  [["content", ";z'dfgjsd"], ["created_at", "2014-12-16 18:13:28.862272"], ["name", "iojfsoij"], ["title", "pawsfdjapw"], ["updated_at", "2014-12-16 18:13:28.862272"]]
  [1m[36m (18.7ms)[0m  [1mcommit transaction[0m
Redirected to http://localhost:3003/posts/1
Completed 302 Found in 78ms (ActiveRecord: 45.6ms)


Started GET "/posts/1" for 127.0.0.1 at 2014-12-16 13:13:28 -0500
Processing by PostsController#show as HTML
  Parameters: {"id"=>"1"}
  [1m[35mPost Load (0.2ms)[0m  SELECT  "posts".* FROM "posts"  WHERE "posts"."id" = ? LIMIT 1  [["id", 1]]
  Rendered posts/show.html.erb within layouts/application (1.1ms)
Completed 200 OK in 101ms (Views: 98.3ms | ActiveRecord: 0.2ms)


Started GET "/assets/comments.css?body=1" for 127.0.0.1 at 2014-12-16 13:13:29 -0500


Started GET "/assets/posts.css?body=1" for 127.0.0.1 at 2014-12-16 13:13:29 -0500


Started GET "/assets/scaffolds.css?body=1" for 127.0.0.1 at 2014-12-16 13:13:29 -0500


Started GET "/assets/jquery.js?body=1" for 127.0.0.1 at 2014-12-16 13:13:29 -0500


Started GET "/assets/jquery_ujs.js?body=1" for 127.0.0.1 at 2014-12-16 13:13:29 -0500


Started GET "/assets/application.css?body=1" for 127.0.0.1 at 2014-12-16 13:13:29 -0500


Started GET "/assets/turbolinks.js?body=1" for 127.0.0.1 at 2014-12-16 13:13:29 -0500


Started GET "/assets/comments.js?body=1" for 127.0.0.1 at 2014-12-16 13:13:29 -0500


Started GET "/assets/posts.js?body=1" for 127.0.0.1 at 2014-12-16 13:13:29 -0500


Started GET "/assets/application.js?body=1" for 127.0.0.1 at 2014-12-16 13:13:29 -0500


Started GET "/posts" for 127.0.0.1 at 2014-12-16 13:13:30 -0500
Processing by PostsController#index as HTML
  [1m[36mPost Load (0.2ms)[0m  [1mSELECT "posts".* FROM "posts"[0m
  Rendered posts/index.html.erb within layouts/application (2.6ms)
Completed 200 OK in 74ms (Views: 72.6ms | ActiveRecord: 0.2ms)


Started GET "/posts/1/edit" for 127.0.0.1 at 2014-12-16 13:13:33 -0500
Processing by PostsController#edit as HTML
  Parameters: {"id"=>"1"}
  [1m[35mPost Load (0.1ms)[0m  SELECT  "posts".* FROM "posts"  WHERE "posts"."id" = ? LIMIT 1  [["id", 1]]
  Rendered posts/_form.html.erb (2.3ms)
  Rendered posts/edit.html.erb within layouts/application (6.4ms)
Completed 200 OK in 100ms (Views: 98.8ms | ActiveRecord: 0.1ms)


Started GET "/posts/1/comments" for 127.0.0.1 at 2014-12-16 13:13:44 -0500

SyntaxError (/Users/adityanarayan/Desktop/RubymineProjects/sample_nested_resources/app/controllers/comments_controller.rb:50: syntax error, unexpected tIDENTIFIER, expecting ')'
    respond_to do |format|
              ^
/Users/adityanarayan/Desktop/RubymineProjects/sample_nested_resources/app/controllers/comments_controller.rb:52: syntax error, unexpected tIDENTIFIER, expecting '}'
...@comment.post, @comment] notice: 'Comment was successfully c...
...                               ^
/Users/adityanarayan/Desktop/RubymineProjects/sample_nested_resources/app/controllers/comments_controller.rb:68: syntax error, unexpected tIVAR, expecting ')'
		@comment = post.comments.create(param...
		        ^
/Users/adityanarayan/Desktop/RubymineProjects/sample_nested_resources/app/controllers/comments_controller.rb:89: syntax error, unexpected tIVAR, expecting ')'
		@comment = post.comments.find(params[:id])
		        ^):
  app/controllers/comments_controller.rb:50: syntax error, unexpected tIDENTIFIER, expecting ')'
  app/controllers/comments_controller.rb:52: syntax error, unexpected tIDENTIFIER, expecting '}'
  app/controllers/comments_controller.rb:68: syntax error, unexpected tIVAR, expecting ')'
  app/controllers/comments_controller.rb:89: syntax error, unexpected tIVAR, expecting ')'


  Rendered /Users/adityanarayan/.rvm/gems/ruby-2.1.3/gems/actionpack-4.1.6/lib/action_dispatch/middleware/templates/rescues/_source.erb (0.8ms)
  Rendered /Users/adityanarayan/.rvm/gems/ruby-2.1.3/gems/actionpack-4.1.6/lib/action_dispatch/middleware/templates/rescues/_trace.html.erb (1.3ms)
  Rendered /Users/adityanarayan/.rvm/gems/ruby-2.1.3/gems/actionpack-4.1.6/lib/action_dispatch/middleware/templates/rescues/_request_and_response.html.erb (1.5ms)
  Rendered /Users/adityanarayan/.rvm/gems/ruby-2.1.3/gems/actionpack-4.1.6/lib/action_dispatch/middleware/templates/rescues/diagnostics.erb within rescues/layout (44.5ms)
